Using pre-set license
Built from '2020.3/release' branch; Version is '2020.3.2f1 (8fd9074bf66c) revision 9427207'; Using compiler version '192528614'; Build Type 'Release'
OS: 'Windows 10 Pro; OS build 19041.1348; Version 2004; 64bit' Language: 'en' Physical Memory: 15790 MB
BatchMode: 1, IsHumanControllingUs: 0, StartBugReporterOnCrash: 0, Is64bit: 1, IsPro: 0

 COMMAND LINE ARGUMENTS:
D:\Unity\2020.3.2f1\Editor\Unity.exe
-adb2
-batchMode
-noUpm
-name
AssetImportWorker0
-projectPath
D:/GitHub/Laser Defender
-logFile
Logs/AssetImportWorker0.log
-srvPort
56858
Successfully changed project path to: D:/GitHub/Laser Defender
D:/GitHub/Laser Defender
Using Asset Import Pipeline V2.
Refreshing native plugins compatible for Editor in 35.26 ms, found 1 plugins.
Preloading 0 native plugins for Editor in 0.00 ms.
Initialize engine version: 2020.3.2f1 (8fd9074bf66c)
[Subsystems] Discovering subsystems at path D:/Unity/2020.3.2f1/Editor/Data/Resources/UnitySubsystems
[Subsystems] Discovering subsystems at path D:/GitHub/Laser Defender/Assets
GfxDevice: creating device client; threaded=0
Direct3D:
    Version:  Direct3D 11.0 [level 11.1]
    Renderer: NVIDIA GeForce GTX 1650 (ID=0x1f99)
    Vendor:   
    VRAM:     3962 MB
    Driver:   30.0.14.9649
Initialize mono
Mono path[0] = 'D:/Unity/2020.3.2f1/Editor/Data/Managed'
Mono path[1] = 'D:/Unity/2020.3.2f1/Editor/Data/MonoBleedingEdge/lib/mono/unityjit'
Mono config path = 'D:/Unity/2020.3.2f1/Editor/Data/MonoBleedingEdge/etc'
Using monoOptions --debugger-agent=transport=dt_socket,embedding=1,server=y,suspend=n,address=127.0.0.1:56448
Begin MonoManager ReloadAssembly
Registering precompiled unity dll's ...
Register platform support module: D:/Unity/2020.3.2f1/Editor/Data/PlaybackEngines/WindowsStandaloneSupport/UnityEditor.WindowsStandalone.Extensions.dll
Registered in 0.000912 seconds.
Native extension for WindowsStandalone target not found
Refreshing native plugins compatible for Editor in 36.63 ms, found 1 plugins.
Preloading 0 native plugins for Editor in 0.00 ms.
Invoked RoslynAnalysisRunner static constructor.
RoslynAnalysisRunner will not be running.
RoslynAnalysisRunner has terminated.
Mono: successfully reloaded assembly
- Completed reload, in  0.760 seconds
Platform modules already initialized, skipping
Registering precompiled user dll's ...
Registered in 0.000764 seconds.
Begin MonoManager ReloadAssembly
Native extension for WindowsStandalone target not found
Refreshing native plugins compatible for Editor in 36.64 ms, found 1 plugins.
Preloading 0 native plugins for Editor in 0.00 ms.
Invoked RoslynAnalysisRunner static constructor.
RoslynAnalysisRunner will not be running.
RoslynAnalysisRunner has terminated.
Mono: successfully reloaded assembly
- Completed reload, in  0.811 seconds
Platform modules already initialized, skipping
========================================================================
Worker process is ready to serve import requests
Launched and connected shader compiler UnityShaderCompiler.exe after 0.05 seconds
Refreshing native plugins compatible for Editor in 0.39 ms, found 1 plugins.
Preloading 0 native plugins for Editor in 0.00 ms.
Unloading 1809 Unused Serialized files (Serialized files now loaded: 0)
System memory in use before: 85.1 MB.
System memory in use after: 85.0 MB.

Unloading 24 unused Assets to reduce memory usage. Loaded Objects now: 2251.
Total: 2.751200 ms (FindLiveObjects: 0.323300 ms CreateObjectMapping: 0.119600 ms MarkObjects: 2.177600 ms  DeleteObjects: 0.128700 ms)

========================================================================
Received Import Request.
  path: Assets/Space Shooter/PNG/Effects/fire17.png
  artifactKey: Guid(6497bcf026fb74f4b9276dee9352dc9b) Importer(815301076,1909f56bfc062723c751e8b465ee728b)
Start importing Assets/Space Shooter/PNG/Effects/fire17.png using Guid(6497bcf026fb74f4b9276dee9352dc9b) Importer(815301076,1909f56bfc062723c751e8b465ee728b)  -> (artifact id: '38f6bba51392f813010d6fd0ef3ec3c2') in 0.144366 seconds
  Import took 0.148080 seconds .

========================================================================
Received Import Request.
  Time since last request: 0.000293 seconds.
  path: Assets/Space Shooter/PNG/Effects/star1.png
  artifactKey: Guid(4916a13b8da78cf47b05c07349af0337) Importer(815301076,1909f56bfc062723c751e8b465ee728b)
Start importing Assets/Space Shooter/PNG/Effects/star1.png using Guid(4916a13b8da78cf47b05c07349af0337) Importer(815301076,1909f56bfc062723c751e8b465ee728b)  -> (artifact id: 'affaf48de5dccbd6bc4bf1a681c21cf2') in 0.017745 seconds
  Import took 0.020969 seconds .

========================================================================
Received Import Request.
  Time since last request: 0.000229 seconds.
  path: Assets/Space Shooter/PNG/Effects/fire09.png
  artifactKey: Guid(fca776a58c378574b98f835d06458f45) Importer(815301076,1909f56bfc062723c751e8b465ee728b)
Start importing Assets/Space Shooter/PNG/Effects/fire09.png using Guid(fca776a58c378574b98f835d06458f45) Importer(815301076,1909f56bfc062723c751e8b465ee728b)  -> (artifact id: '02c281c71de9fbd5b81e28ea60cb1c21') in 0.017454 seconds
  Import took 0.020868 seconds .

========================================================================
Received Import Request.
  Time since last request: 0.000265 seconds.
  path: Assets/Space Shooter/PNG/Effects/fire14.png
  artifactKey: Guid(e2b890789b9ff9444a4d4a50ca86ef7d) Importer(815301076,1909f56bfc062723c751e8b465ee728b)
Start importing Assets/Space Shooter/PNG/Effects/fire14.png using Guid(e2b890789b9ff9444a4d4a50ca86ef7d) Importer(815301076,1909f56bfc062723c751e8b465ee728b)  -> (artifact id: '30b94cb4de6f145ab39c00f984bd1a6a') in 0.018096 seconds
  Import took 0.021893 seconds .

========================================================================
Received Import Request.
  Time since last request: 0.000230 seconds.
  path: Assets/Space Shooter/PNG/Effects/fire05.png
  artifactKey: Guid(a8a877d1d735a6a4a860a9261f9efbac) Importer(815301076,1909f56bfc062723c751e8b465ee728b)
Start importing Assets/Space Shooter/PNG/Effects/fire05.png using Guid(a8a877d1d735a6a4a860a9261f9efbac) Importer(815301076,1909f56bfc062723c751e8b465ee728b)  -> (artifact id: '2b3aec8d45ed98c6b4a5b4cf46af0047') in 0.017265 seconds
  Import took 0.020936 seconds .

========================================================================
Received Import Request.
  Time since last request: 0.000205 seconds.
  path: Assets/Space Shooter/PNG/Effects/fire06.png
  artifactKey: Guid(a168d088049b21b40927fd836b1d04e7) Importer(815301076,1909f56bfc062723c751e8b465ee728b)
Start importing Assets/Space Shooter/PNG/Effects/fire06.png using Guid(a168d088049b21b40927fd836b1d04e7) Importer(815301076,1909f56bfc062723c751e8b465ee728b)  -> (artifact id: 'f679aaf1ba58222bc62b2bd96ded52cc') in 0.024211 seconds
  Import took 0.027043 seconds .

========================================================================
Received Import Request.
  Time since last request: 0.000209 seconds.
  path: Assets/Space Shooter/PNG/Effects/shield1.png
  artifactKey: Guid(c0e55f9ecc05c1d4abe18cf230c25047) Importer(815301076,1909f56bfc062723c751e8b465ee728b)
Start importing Assets/Space Shooter/PNG/Effects/shield1.png using Guid(c0e55f9ecc05c1d4abe18cf230c25047) Importer(815301076,1909f56bfc062723c751e8b465ee728b)  -> (artifact id: '4813fa30d41b2fcb1878476cc416d536') in 0.019659 seconds
  Import took 0.022330 seconds .

========================================================================
Received Import Request.
  Time since last request: 0.000213 seconds.
  path: Assets/Space Shooter/PNG/Effects/fire10.png
  artifactKey: Guid(478077d234db8bd4b8ce652a84cda64d) Importer(815301076,1909f56bfc062723c751e8b465ee728b)
Start importing Assets/Space Shooter/PNG/Effects/fire10.png using Guid(478077d234db8bd4b8ce652a84cda64d) Importer(815301076,1909f56bfc062723c751e8b465ee728b)  -> (artifact id: 'd53aac59bd5ceeb2632efc1162ed41f5') in 0.014662 seconds
  Import took 0.017333 seconds .

========================================================================
Received Import Request.
  Time since last request: 0.000414 seconds.
  path: Assets/Space Shooter/PNG/Effects/fire03.png
  artifactKey: Guid(11a13cd73a983734b99fac13ac815ab4) Importer(815301076,1909f56bfc062723c751e8b465ee728b)
Start importing Assets/Space Shooter/PNG/Effects/fire03.png using Guid(11a13cd73a983734b99fac13ac815ab4) Importer(815301076,1909f56bfc062723c751e8b465ee728b)  -> (artifact id: '3f02fa11f29d61ed23dacede7fec612a') in 0.014471 seconds
  Import took 0.017556 seconds .

========================================================================
Received Import Request.
  Time since last request: 0.000251 seconds.
  path: Assets/Space Shooter/PNG/Effects/fire16.png
  artifactKey: Guid(b8d6191bc1cdf3648bd4a96fef6bd5fa) Importer(815301076,1909f56bfc062723c751e8b465ee728b)
Start importing Assets/Space Shooter/PNG/Effects/fire16.png using Guid(b8d6191bc1cdf3648bd4a96fef6bd5fa) Importer(815301076,1909f56bfc062723c751e8b465ee728b)  -> (artifact id: '0ee00c437f7bb8e4e20b1401dc3cd6da') in 0.014115 seconds
  Import took 0.016979 seconds .

========================================================================
Received Import Request.
  Time since last request: 0.000238 seconds.
  path: Assets/Space Shooter/PNG/Effects/fire15.png
  artifactKey: Guid(bd29db0ebf2a9c24592d7e8224e97eca) Importer(815301076,1909f56bfc062723c751e8b465ee728b)
Start importing Assets/Space Shooter/PNG/Effects/fire15.png using Guid(bd29db0ebf2a9c24592d7e8224e97eca) Importer(815301076,1909f56bfc062723c751e8b465ee728b)  -> (artifact id: '53478ab40c873e53ca270f8d76dd2f76') in 0.014682 seconds
  Import took 0.017532 seconds .

========================================================================
Received Import Request.
  Time since last request: 0.000248 seconds.
  path: Assets/Space Shooter/PNG/Effects/fire12.png
  artifactKey: Guid(1fc7585acc4dd5949b5f82325cedee16) Importer(815301076,1909f56bfc062723c751e8b465ee728b)
Start importing Assets/Space Shooter/PNG/Effects/fire12.png using Guid(1fc7585acc4dd5949b5f82325cedee16) Importer(815301076,1909f56bfc062723c751e8b465ee728b)  -> (artifact id: 'e471a23460e59ad9345b6b7c5d8fa10f') in 0.014996 seconds
  Import took 0.018129 seconds .

========================================================================
Received Import Request.
  Time since last request: 0.000237 seconds.
  path: Assets/Space Shooter/PNG/Effects/fire07.png
  artifactKey: Guid(573ee1d6b97e4b744bf0c3ba05fb32e5) Importer(815301076,1909f56bfc062723c751e8b465ee728b)
Start importing Assets/Space Shooter/PNG/Effects/fire07.png using Guid(573ee1d6b97e4b744bf0c3ba05fb32e5) Importer(815301076,1909f56bfc062723c751e8b465ee728b)  -> (artifact id: '1e14fea57ff26e0dff308bc1ed10cc55') in 0.015034 seconds
  Import took 0.018049 seconds .

========================================================================
Received Import Request.
  Time since last request: 0.000278 seconds.
  path: Assets/Space Shooter/PNG/Effects/fire04.png
  artifactKey: Guid(dc8b0b9dda1fead499e6a959a5250b8f) Importer(815301076,1909f56bfc062723c751e8b465ee728b)
Start importing Assets/Space Shooter/PNG/Effects/fire04.png using Guid(dc8b0b9dda1fead499e6a959a5250b8f) Importer(815301076,1909f56bfc062723c751e8b465ee728b)  -> (artifact id: '9909c7acd726185d3fe12fc5b81199f0') in 0.015915 seconds
  Import took 0.018660 seconds .

========================================================================
Received Import Request.
  Time since last request: 0.000225 seconds.
  path: Assets/Space Shooter/PNG/Effects/star3.png
  artifactKey: Guid(0cc6935a800195849b97c00052e36874) Importer(815301076,1909f56bfc062723c751e8b465ee728b)
Start importing Assets/Space Shooter/PNG/Effects/star3.png using Guid(0cc6935a800195849b97c00052e36874) Importer(815301076,1909f56bfc062723c751e8b465ee728b)  -> (artifact id: '7670755f7e2a16c3c9b41d67602d2883') in 0.016096 seconds
  Import took 0.018773 seconds .

========================================================================
Received Import Request.
  Time since last request: 0.000226 seconds.
  path: Assets/Space Shooter/PNG/Effects/star2.png
  artifactKey: Guid(ecfe9cae6546e8344a520180317850e6) Importer(815301076,1909f56bfc062723c751e8b465ee728b)
Start importing Assets/Space Shooter/PNG/Effects/star2.png using Guid(ecfe9cae6546e8344a520180317850e6) Importer(815301076,1909f56bfc062723c751e8b465ee728b)  -> (artifact id: '9cee48c29f49c0c4f35812a720362778') in 0.014514 seconds
  Import took 0.017498 seconds .

========================================================================
Received Import Request.
  Time since last request: 0.000179 seconds.
  path: Assets/Space Shooter/PNG/Effects/fire02.png
  artifactKey: Guid(7f8d745c13a66b14ab0871dde36c88e9) Importer(815301076,1909f56bfc062723c751e8b465ee728b)
Start importing Assets/Space Shooter/PNG/Effects/fire02.png using Guid(7f8d745c13a66b14ab0871dde36c88e9) Importer(815301076,1909f56bfc062723c751e8b465ee728b)  -> (artifact id: '9e45b19a87632c77dd716501cd7450f3') in 0.014672 seconds
  Import took 0.017518 seconds .

========================================================================
Received Import Request.
  Time since last request: 0.000202 seconds.
  path: Assets/Space Shooter/PNG/Effects/fire08.png
  artifactKey: Guid(c2b6ab451dcab524ea984b8f0b0eac33) Importer(815301076,1909f56bfc062723c751e8b465ee728b)
Start importing Assets/Space Shooter/PNG/Effects/fire08.png using Guid(c2b6ab451dcab524ea984b8f0b0eac33) Importer(815301076,1909f56bfc062723c751e8b465ee728b)  -> (artifact id: '36cda251ea7055282421d14ba3c744e4') in 0.014991 seconds
  Import took 0.017892 seconds .

========================================================================
Received Import Request.
  Time since last request: 0.000216 seconds.
  path: Assets/Scripts/Player.cs
  artifactKey: Guid(bae26bf3cc29fb64fbf5248f748d3a68) Importer(815301076,1909f56bfc062723c751e8b465ee728b)
Start importing Assets/Scripts/Player.cs using Guid(bae26bf3cc29fb64fbf5248f748d3a68) Importer(815301076,1909f56bfc062723c751e8b465ee728b)  -> (artifact id: '418c94b37fea5d5381ccaf7bd30eae11') in 0.011176 seconds
  Import took 0.015092 seconds .

========================================================================
Received Import Request.
  Time since last request: 0.000209 seconds.
  path: Assets/Space Shooter/PNG/Effects/speed.png
  artifactKey: Guid(0f2c0d4c46632ec4fa25b6b0e952912d) Importer(815301076,1909f56bfc062723c751e8b465ee728b)
Start importing Assets/Space Shooter/PNG/Effects/speed.png using Guid(0f2c0d4c46632ec4fa25b6b0e952912d) Importer(815301076,1909f56bfc062723c751e8b465ee728b)  -> (artifact id: 'b88187c6807800cbd7b7bde833a32d7e') in 0.015965 seconds
  Import took 0.018714 seconds .

========================================================================
Received Import Request.
  Time since last request: 0.000235 seconds.
  path: Assets/Space Shooter/PNG/Effects/fire11.png
  artifactKey: Guid(d81c45038efee7547aefe69bd31c7246) Importer(815301076,1909f56bfc062723c751e8b465ee728b)
Start importing Assets/Space Shooter/PNG/Effects/fire11.png using Guid(d81c45038efee7547aefe69bd31c7246) Importer(815301076,1909f56bfc062723c751e8b465ee728b)  -> (artifact id: '457677212e5f541ad3f661371a30f216') in 0.014696 seconds
  Import took 0.017495 seconds .

========================================================================
Received Import Request.
  Time since last request: 0.000218 seconds.
  path: Assets/Space Shooter/PNG/Effects/fire13.png
  artifactKey: Guid(0d87ab844d5532d44905880d3c17e818) Importer(815301076,1909f56bfc062723c751e8b465ee728b)
Start importing Assets/Space Shooter/PNG/Effects/fire13.png using Guid(0d87ab844d5532d44905880d3c17e818) Importer(815301076,1909f56bfc062723c751e8b465ee728b)  -> (artifact id: 'a1c63f1c0e7a04a4724baf298ebad6df') in 0.015097 seconds
  Import took 0.017913 seconds .

========================================================================
Received Import Request.
  Time since last request: 0.000246 seconds.
  path: Assets/Space Shooter/PNG/Effects/fire19.png
  artifactKey: Guid(bd862018c9e29be40ad593146a8a6c6a) Importer(815301076,1909f56bfc062723c751e8b465ee728b)
Start importing Assets/Space Shooter/PNG/Effects/fire19.png using Guid(bd862018c9e29be40ad593146a8a6c6a) Importer(815301076,1909f56bfc062723c751e8b465ee728b)  -> (artifact id: 'fbabe6ebb69822615c725310675f90c7') in 0.015484 seconds
  Import took 0.018716 seconds .

========================================================================
Received Import Request.
  Time since last request: 0.000252 seconds.
  path: Assets/Space Shooter/PNG/Effects/shield3.png
  artifactKey: Guid(8f3024099d7b6944db4caec6260cae91) Importer(815301076,1909f56bfc062723c751e8b465ee728b)
Start importing Assets/Space Shooter/PNG/Effects/shield3.png using Guid(8f3024099d7b6944db4caec6260cae91) Importer(815301076,1909f56bfc062723c751e8b465ee728b)  -> (artifact id: '9384ed65ce98e182f0fbc97a3d1985bb') in 0.018257 seconds
  Import took 0.021237 seconds .

========================================================================
Received Import Request.
  Time since last request: 0.000198 seconds.
  path: Assets/Space Shooter/PNG/Effects/shield2.png
  artifactKey: Guid(9dc494d0bb5c9294a9d1e5166e36f1c1) Importer(815301076,1909f56bfc062723c751e8b465ee728b)
Start importing Assets/Space Shooter/PNG/Effects/shield2.png using Guid(9dc494d0bb5c9294a9d1e5166e36f1c1) Importer(815301076,1909f56bfc062723c751e8b465ee728b)  -> (artifact id: 'acec8781693f656af49a5cdd9f76b23f') in 0.018160 seconds
  Import took 0.020953 seconds .

========================================================================
Received Import Request.
  Time since last request: 0.000232 seconds.
  path: Assets/Space Shooter/PNG/Effects/fire00.png
  artifactKey: Guid(32367c000c5ebbd44bc1e4dd69dd3953) Importer(815301076,1909f56bfc062723c751e8b465ee728b)
Start importing Assets/Space Shooter/PNG/Effects/fire00.png using Guid(32367c000c5ebbd44bc1e4dd69dd3953) Importer(815301076,1909f56bfc062723c751e8b465ee728b)  -> (artifact id: '8d21305c5458d374621451ceab0ead8c') in 0.015427 seconds
  Import took 0.018242 seconds .

========================================================================
Received Import Request.
  Time since last request: 0.000207 seconds.
  path: Assets/Space Shooter/PNG/Effects/fire18.png
  artifactKey: Guid(39be04743d61c8c418f84e11729bcd15) Importer(815301076,1909f56bfc062723c751e8b465ee728b)
Start importing Assets/Space Shooter/PNG/Effects/fire18.png using Guid(39be04743d61c8c418f84e11729bcd15) Importer(815301076,1909f56bfc062723c751e8b465ee728b)  -> (artifact id: '01f550268e8ec8b8725a81d5b50a363b') in 0.014364 seconds
  Import took 0.017131 seconds .

========================================================================
Received Import Request.
  Time since last request: 0.000268 seconds.
  path: Assets/Space Shooter/PNG/Effects/fire01.png
  artifactKey: Guid(e41576d22e95abf43961c8fe53bd5f17) Importer(815301076,1909f56bfc062723c751e8b465ee728b)
Start importing Assets/Space Shooter/PNG/Effects/fire01.png using Guid(e41576d22e95abf43961c8fe53bd5f17) Importer(815301076,1909f56bfc062723c751e8b465ee728b)  -> (artifact id: '8a84da824497daf67fe603af494e64a4') in 0.015364 seconds
  Import took 0.018237 seconds .

========================================================================
Received Import Request.
  Time since last request: 143.515438 seconds.
  path: Assets/Scripts/Player.cs
  artifactKey: Guid(bae26bf3cc29fb64fbf5248f748d3a68) Importer(815301076,1909f56bfc062723c751e8b465ee728b)
Start importing Assets/Scripts/Player.cs using Guid(bae26bf3cc29fb64fbf5248f748d3a68) Importer(815301076,1909f56bfc062723c751e8b465ee728b)  -> (artifact id: 'd0dc7cef1dcf075c49d535d1354b566e') in 0.002325 seconds
  Import took 0.005945 seconds .

========================================================================
Received Import Request.
  Time since last request: 75.903172 seconds.
  path: Assets/Scripts/Player.cs
  artifactKey: Guid(bae26bf3cc29fb64fbf5248f748d3a68) Importer(815301076,1909f56bfc062723c751e8b465ee728b)
Start importing Assets/Scripts/Player.cs using Guid(bae26bf3cc29fb64fbf5248f748d3a68) Importer(815301076,1909f56bfc062723c751e8b465ee728b)  -> (artifact id: '33ab9adec4d5a1b60b29c46e9e5d0299') in 0.002265 seconds
  Import took 0.005052 seconds .

========================================================================
Received Prepare
Registering precompiled user dll's ...
Registered in 0.000736 seconds.
Begin MonoManager ReloadAssembly
Native extension for WindowsStandalone target not found
Refreshing native plugins compatible for Editor in 0.39 ms, found 1 plugins.
Preloading 0 native plugins for Editor in 0.00 ms.
Invoked RoslynAnalysisRunner static constructor.
RoslynAnalysisRunner will not be running.
RoslynAnalysisRunner has terminated.
Mono: successfully reloaded assembly
- Completed reload, in  0.739 seconds
Platform modules already initialized, skipping
Refreshing native plugins compatible for Editor in 0.39 ms, found 1 plugins.
Preloading 0 native plugins for Editor in 0.00 ms.
Unloading 1804 Unused Serialized files (Serialized files now loaded: 0)
System memory in use before: 88.2 MB.
System memory in use after: 88.1 MB.

Unloading 12 unused Assets to reduce memory usage. Loaded Objects now: 2281.
Total: 2.195200 ms (FindLiveObjects: 0.280600 ms CreateObjectMapping: 0.053900 ms MarkObjects: 1.726400 ms  DeleteObjects: 0.132600 ms)

========================================================================
Received Prepare
Registering precompiled user dll's ...
Registered in 0.000714 seconds.
Begin MonoManager ReloadAssembly
Native extension for WindowsStandalone target not found
Refreshing native plugins compatible for Editor in 0.39 ms, found 1 plugins.
Preloading 0 native plugins for Editor in 0.00 ms.
Invoked RoslynAnalysisRunner static constructor.
RoslynAnalysisRunner will not be running.
RoslynAnalysisRunner has terminated.
Mono: successfully reloaded assembly
- Completed reload, in  0.718 seconds
Platform modules already initialized, skipping
Refreshing native plugins compatible for Editor in 0.38 ms, found 1 plugins.
Preloading 0 native plugins for Editor in 0.00 ms.
Unloading 1804 Unused Serialized files (Serialized files now loaded: 0)
System memory in use before: 88.2 MB.
System memory in use after: 88.2 MB.

Unloading 12 unused Assets to reduce memory usage. Loaded Objects now: 2285.
Total: 2.205000 ms (FindLiveObjects: 0.314600 ms CreateObjectMapping: 0.070000 ms MarkObjects: 1.708600 ms  DeleteObjects: 0.110600 ms)

========================================================================
Received Prepare
Registering precompiled user dll's ...
Registered in 0.000714 seconds.
Begin MonoManager ReloadAssembly
Native extension for WindowsStandalone target not found
Refreshing native plugins compatible for Editor in 0.41 ms, found 1 plugins.
Preloading 0 native plugins for Editor in 0.00 ms.
Invoked RoslynAnalysisRunner static constructor.
RoslynAnalysisRunner will not be running.
RoslynAnalysisRunner has terminated.
Mono: successfully reloaded assembly
- Completed reload, in  0.731 seconds
Platform modules already initialized, skipping
Refreshing native plugins compatible for Editor in 0.38 ms, found 1 plugins.
Preloading 0 native plugins for Editor in 0.00 ms.
Unloading 1804 Unused Serialized files (Serialized files now loaded: 0)
System memory in use before: 88.2 MB.
System memory in use after: 88.2 MB.

Unloading 12 unused Assets to reduce memory usage. Loaded Objects now: 2289.
Total: 1.958100 ms (FindLiveObjects: 0.225900 ms CreateObjectMapping: 0.049300 ms MarkObjects: 1.566300 ms  DeleteObjects: 0.115400 ms)

========================================================================
Received Prepare
Registering precompiled user dll's ...
Registered in 0.000801 seconds.
Begin MonoManager ReloadAssembly
Native extension for WindowsStandalone target not found
Refreshing native plugins compatible for Editor in 0.58 ms, found 1 plugins.
Preloading 0 native plugins for Editor in 0.00 ms.
Invoked RoslynAnalysisRunner static constructor.
RoslynAnalysisRunner will not be running.
RoslynAnalysisRunner has terminated.
Mono: successfully reloaded assembly
- Completed reload, in  0.802 seconds
Platform modules already initialized, skipping
Refreshing native plugins compatible for Editor in 0.44 ms, found 1 plugins.
Preloading 0 native plugins for Editor in 0.00 ms.
Unloading 1804 Unused Serialized files (Serialized files now loaded: 0)
System memory in use before: 88.2 MB.
System memory in use after: 88.2 MB.

Unloading 12 unused Assets to reduce memory usage. Loaded Objects now: 2293.
Total: 3.188500 ms (FindLiveObjects: 0.596200 ms CreateObjectMapping: 0.134100 ms MarkObjects: 2.315900 ms  DeleteObjects: 0.140200 ms)

========================================================================
Received Prepare
Registering precompiled user dll's ...
Registered in 0.000696 seconds.
Begin MonoManager ReloadAssembly
Native extension for WindowsStandalone target not found
Refreshing native plugins compatible for Editor in 0.39 ms, found 1 plugins.
Preloading 0 native plugins for Editor in 0.00 ms.
Invoked RoslynAnalysisRunner static constructor.
RoslynAnalysisRunner will not be running.
RoslynAnalysisRunner has terminated.
Mono: successfully reloaded assembly
- Completed reload, in  0.715 seconds
Platform modules already initialized, skipping
Refreshing native plugins compatible for Editor in 0.38 ms, found 1 plugins.
Preloading 0 native plugins for Editor in 0.00 ms.
Unloading 1804 Unused Serialized files (Serialized files now loaded: 0)
System memory in use before: 88.2 MB.
System memory in use after: 88.2 MB.

Unloading 12 unused Assets to reduce memory usage. Loaded Objects now: 2297.
Total: 2.319900 ms (FindLiveObjects: 0.320900 ms CreateObjectMapping: 0.109700 ms MarkObjects: 1.773800 ms  DeleteObjects: 0.114000 ms)

========================================================================
Received Prepare
Registering precompiled user dll's ...
Registered in 0.000723 seconds.
Begin MonoManager ReloadAssembly
Native extension for WindowsStandalone target not found
Refreshing native plugins compatible for Editor in 0.38 ms, found 1 plugins.
Preloading 0 native plugins for Editor in 0.00 ms.
Invoked RoslynAnalysisRunner static constructor.
RoslynAnalysisRunner will not be running.
RoslynAnalysisRunner has terminated.
Mono: successfully reloaded assembly
- Completed reload, in  0.728 seconds
Platform modules already initialized, skipping
Refreshing native plugins compatible for Editor in 0.39 ms, found 1 plugins.
Preloading 0 native plugins for Editor in 0.00 ms.
Unloading 1804 Unused Serialized files (Serialized files now loaded: 0)
System memory in use before: 88.2 MB.
System memory in use after: 88.2 MB.

Unloading 12 unused Assets to reduce memory usage. Loaded Objects now: 2301.
Total: 2.168500 ms (FindLiveObjects: 0.306000 ms CreateObjectMapping: 0.067200 ms MarkObjects: 1.682100 ms  DeleteObjects: 0.111900 ms)

========================================================================
Received Prepare
Registering precompiled user dll's ...
Registered in 0.000713 seconds.
Begin MonoManager ReloadAssembly
Native extension for WindowsStandalone target not found
Refreshing native plugins compatible for Editor in 0.40 ms, found 1 plugins.
Preloading 0 native plugins for Editor in 0.00 ms.
Invoked RoslynAnalysisRunner static constructor.
RoslynAnalysisRunner will not be running.
RoslynAnalysisRunner has terminated.
Mono: successfully reloaded assembly
- Completed reload, in  0.717 seconds
Platform modules already initialized, skipping
Refreshing native plugins compatible for Editor in 0.38 ms, found 1 plugins.
Preloading 0 native plugins for Editor in 0.00 ms.
Unloading 1804 Unused Serialized files (Serialized files now loaded: 0)
System memory in use before: 88.2 MB.
System memory in use after: 88.2 MB.

Unloading 12 unused Assets to reduce memory usage. Loaded Objects now: 2305.
Total: 3.133700 ms (FindLiveObjects: 0.341700 ms CreateObjectMapping: 0.114200 ms MarkObjects: 2.559100 ms  DeleteObjects: 0.116200 ms)

========================================================================
Received Prepare
Registering precompiled user dll's ...
Registered in 0.000811 seconds.
Begin MonoManager ReloadAssembly
Native extension for WindowsStandalone target not found
Refreshing native plugins compatible for Editor in 0.39 ms, found 1 plugins.
Preloading 0 native plugins for Editor in 0.00 ms.
Invoked RoslynAnalysisRunner static constructor.
RoslynAnalysisRunner will not be running.
RoslynAnalysisRunner has terminated.
Mono: successfully reloaded assembly
- Completed reload, in  0.713 seconds
Platform modules already initialized, skipping
Refreshing native plugins compatible for Editor in 0.41 ms, found 1 plugins.
Preloading 0 native plugins for Editor in 0.00 ms.
Unloading 1804 Unused Serialized files (Serialized files now loaded: 0)
System memory in use before: 88.2 MB.
System memory in use after: 88.2 MB.

Unloading 12 unused Assets to reduce memory usage. Loaded Objects now: 2309.
Total: 2.703000 ms (FindLiveObjects: 0.331300 ms CreateObjectMapping: 0.110300 ms MarkObjects: 2.136400 ms  DeleteObjects: 0.122900 ms)

========================================================================
Received Prepare
Registering precompiled user dll's ...
Registered in 0.000783 seconds.
Begin MonoManager ReloadAssembly
Native extension for WindowsStandalone target not found
Refreshing native plugins compatible for Editor in 0.38 ms, found 1 plugins.
Preloading 0 native plugins for Editor in 0.00 ms.
Invoked RoslynAnalysisRunner static constructor.
RoslynAnalysisRunner will not be running.
RoslynAnalysisRunner has terminated.
Mono: successfully reloaded assembly
- Completed reload, in  0.721 seconds
Platform modules already initialized, skipping
Refreshing native plugins compatible for Editor in 0.38 ms, found 1 plugins.
Preloading 0 native plugins for Editor in 0.00 ms.
Unloading 1804 Unused Serialized files (Serialized files now loaded: 0)
System memory in use before: 88.3 MB.
System memory in use after: 88.2 MB.

Unloading 12 unused Assets to reduce memory usage. Loaded Objects now: 2313.
Total: 2.601200 ms (FindLiveObjects: 0.335700 ms CreateObjectMapping: 0.118600 ms MarkObjects: 2.023700 ms  DeleteObjects: 0.121200 ms)

========================================================================
Received Prepare
Registering precompiled user dll's ...
Registered in 0.000721 seconds.
Begin MonoManager ReloadAssembly
Native extension for WindowsStandalone target not found
Refreshing native plugins compatible for Editor in 0.41 ms, found 1 plugins.
Preloading 0 native plugins for Editor in 0.00 ms.
Invoked RoslynAnalysisRunner static constructor.
RoslynAnalysisRunner will not be running.
RoslynAnalysisRunner has terminated.
Mono: successfully reloaded assembly
- Completed reload, in  0.744 seconds
Platform modules already initialized, skipping
Refreshing native plugins compatible for Editor in 0.38 ms, found 1 plugins.
Preloading 0 native plugins for Editor in 0.00 ms.
Unloading 1804 Unused Serialized files (Serialized files now loaded: 0)
System memory in use before: 88.3 MB.
System memory in use after: 88.3 MB.

Unloading 12 unused Assets to reduce memory usage. Loaded Objects now: 2317.
Total: 2.918200 ms (FindLiveObjects: 0.358500 ms CreateObjectMapping: 0.112500 ms MarkObjects: 2.298100 ms  DeleteObjects: 0.146300 ms)

========================================================================
Received Prepare
Registering precompiled user dll's ...
Registered in 0.000727 seconds.
Begin MonoManager ReloadAssembly
Native extension for WindowsStandalone target not found
Refreshing native plugins compatible for Editor in 0.38 ms, found 1 plugins.
Preloading 0 native plugins for Editor in 0.00 ms.
Invoked RoslynAnalysisRunner static constructor.
RoslynAnalysisRunner will not be running.
RoslynAnalysisRunner has terminated.
Mono: successfully reloaded assembly
- Completed reload, in  0.712 seconds
Platform modules already initialized, skipping
Refreshing native plugins compatible for Editor in 0.45 ms, found 1 plugins.
Preloading 0 native plugins for Editor in 0.00 ms.
Unloading 1804 Unused Serialized files (Serialized files now loaded: 0)
System memory in use before: 88.3 MB.
System memory in use after: 88.3 MB.

Unloading 12 unused Assets to reduce memory usage. Loaded Objects now: 2321.
Total: 2.640100 ms (FindLiveObjects: 0.281400 ms CreateObjectMapping: 0.080200 ms MarkObjects: 2.149400 ms  DeleteObjects: 0.127500 ms)

========================================================================
Received Prepare
Registering precompiled user dll's ...
Registered in 0.000918 seconds.
Begin MonoManager ReloadAssembly
Native extension for WindowsStandalone target not found
Refreshing native plugins compatible for Editor in 0.38 ms, found 1 plugins.
Preloading 0 native plugins for Editor in 0.00 ms.
Invoked RoslynAnalysisRunner static constructor.
RoslynAnalysisRunner will not be running.
RoslynAnalysisRunner has terminated.
Mono: successfully reloaded assembly
- Completed reload, in  0.734 seconds
Platform modules already initialized, skipping
Refreshing native plugins compatible for Editor in 0.37 ms, found 1 plugins.
Preloading 0 native plugins for Editor in 0.00 ms.
Unloading 1804 Unused Serialized files (Serialized files now loaded: 0)
System memory in use before: 88.3 MB.
System memory in use after: 88.3 MB.

Unloading 12 unused Assets to reduce memory usage. Loaded Objects now: 2325.
Total: 2.750400 ms (FindLiveObjects: 0.319000 ms CreateObjectMapping: 0.109500 ms MarkObjects: 2.193000 ms  DeleteObjects: 0.127100 ms)

========================================================================
Received Prepare
Registering precompiled user dll's ...
Registered in 0.000721 seconds.
Begin MonoManager ReloadAssembly
Native extension for WindowsStandalone target not found
Refreshing native plugins compatible for Editor in 0.41 ms, found 1 plugins.
Preloading 0 native plugins for Editor in 0.00 ms.
Invoked RoslynAnalysisRunner static constructor.
RoslynAnalysisRunner will not be running.
RoslynAnalysisRunner has terminated.
Mono: successfully reloaded assembly
- Completed reload, in  0.718 seconds
Platform modules already initialized, skipping
Refreshing native plugins compatible for Editor in 0.38 ms, found 1 plugins.
Preloading 0 native plugins for Editor in 0.00 ms.
Unloading 1804 Unused Serialized files (Serialized files now loaded: 0)
System memory in use before: 88.3 MB.
System memory in use after: 88.3 MB.

Unloading 12 unused Assets to reduce memory usage. Loaded Objects now: 2329.
Total: 2.264300 ms (FindLiveObjects: 0.287300 ms CreateObjectMapping: 0.056600 ms MarkObjects: 1.792200 ms  DeleteObjects: 0.127000 ms)

========================================================================
Received Prepare
Registering precompiled user dll's ...
Registered in 0.000713 seconds.
Begin MonoManager ReloadAssembly
Native extension for WindowsStandalone target not found
Refreshing native plugins compatible for Editor in 0.40 ms, found 1 plugins.
Preloading 0 native plugins for Editor in 0.00 ms.
Invoked RoslynAnalysisRunner static constructor.
RoslynAnalysisRunner will not be running.
RoslynAnalysisRunner has terminated.
Mono: successfully reloaded assembly
- Completed reload, in  0.712 seconds
Platform modules already initialized, skipping
Refreshing native plugins compatible for Editor in 0.43 ms, found 1 plugins.
Preloading 0 native plugins for Editor in 0.00 ms.
Unloading 1804 Unused Serialized files (Serialized files now loaded: 0)
System memory in use before: 88.3 MB.
System memory in use after: 88.3 MB.

Unloading 12 unused Assets to reduce memory usage. Loaded Objects now: 2333.
Total: 2.912900 ms (FindLiveObjects: 0.262600 ms CreateObjectMapping: 0.084400 ms MarkObjects: 2.448100 ms  DeleteObjects: 0.116000 ms)

========================================================================
Received Prepare
Registering precompiled user dll's ...
Registered in 0.000700 seconds.
Begin MonoManager ReloadAssembly
Native extension for WindowsStandalone target not found
Refreshing native plugins compatible for Editor in 0.38 ms, found 1 plugins.
Preloading 0 native plugins for Editor in 0.00 ms.
Invoked RoslynAnalysisRunner static constructor.
RoslynAnalysisRunner will not be running.
RoslynAnalysisRunner has terminated.
Mono: successfully reloaded assembly
- Completed reload, in  0.766 seconds
Platform modules already initialized, skipping
Refreshing native plugins compatible for Editor in 0.38 ms, found 1 plugins.
Preloading 0 native plugins for Editor in 0.00 ms.
Unloading 1805 Unused Serialized files (Serialized files now loaded: 0)
System memory in use before: 88.3 MB.
System memory in use after: 88.3 MB.

Unloading 12 unused Assets to reduce memory usage. Loaded Objects now: 2338.
Total: 2.524800 ms (FindLiveObjects: 0.339100 ms CreateObjectMapping: 0.110300 ms MarkObjects: 1.953500 ms  DeleteObjects: 0.119900 ms)

========================================================================
Received Prepare
Registering precompiled user dll's ...
Registered in 0.000730 seconds.
Begin MonoManager ReloadAssembly
Native extension for WindowsStandalone target not found
Refreshing native plugins compatible for Editor in 0.37 ms, found 1 plugins.
Preloading 0 native plugins for Editor in 0.00 ms.
Invoked RoslynAnalysisRunner static constructor.
RoslynAnalysisRunner will not be running.
RoslynAnalysisRunner has terminated.
Mono: successfully reloaded assembly
- Completed reload, in  0.802 seconds
Platform modules already initialized, skipping
Refreshing native plugins compatible for Editor in 0.40 ms, found 1 plugins.
Preloading 0 native plugins for Editor in 0.00 ms.
Unloading 1805 Unused Serialized files (Serialized files now loaded: 0)
System memory in use before: 88.4 MB.
System memory in use after: 88.3 MB.

Unloading 12 unused Assets to reduce memory usage. Loaded Objects now: 2342.
Total: 2.332500 ms (FindLiveObjects: 0.353300 ms CreateObjectMapping: 0.112500 ms MarkObjects: 1.745700 ms  DeleteObjects: 0.117900 ms)

========================================================================
Received Prepare
Registering precompiled user dll's ...
Registered in 0.000780 seconds.
Begin MonoManager ReloadAssembly
Native extension for WindowsStandalone target not found
Refreshing native plugins compatible for Editor in 0.38 ms, found 1 plugins.
Preloading 0 native plugins for Editor in 0.00 ms.
Invoked RoslynAnalysisRunner static constructor.
RoslynAnalysisRunner will not be running.
RoslynAnalysisRunner has terminated.
Mono: successfully reloaded assembly
- Completed reload, in  0.709 seconds
Platform modules already initialized, skipping
Refreshing native plugins compatible for Editor in 0.41 ms, found 1 plugins.
Preloading 0 native plugins for Editor in 0.00 ms.
Unloading 1805 Unused Serialized files (Serialized files now loaded: 0)
System memory in use before: 88.4 MB.
System memory in use after: 88.3 MB.

Unloading 12 unused Assets to reduce memory usage. Loaded Objects now: 2346.
Total: 2.310900 ms (FindLiveObjects: 0.335400 ms CreateObjectMapping: 0.112100 ms MarkObjects: 1.744200 ms  DeleteObjects: 0.117100 ms)

========================================================================
Received Import Request.
  Time since last request: 818.020368 seconds.
  path: Assets/Scripts/Shredder.cs
  artifactKey: Guid(67a3c68ebd2e0df418aa3151b2cc9b2d) Importer(815301076,1909f56bfc062723c751e8b465ee728b)
Start importing Assets/Scripts/Shredder.cs using Guid(67a3c68ebd2e0df418aa3151b2cc9b2d) Importer(815301076,1909f56bfc062723c751e8b465ee728b)  -> (artifact id: 'bab82bcd366e77860df6e25628f55187') in 0.008073 seconds
  Import took 0.011994 seconds .

========================================================================
Received Import Request.
  Time since last request: 0.013937 seconds.
  path: Assets/Scripts/Shredder.cs
  artifactKey: Guid(67a3c68ebd2e0df418aa3151b2cc9b2d) Importer(815301076,1909f56bfc062723c751e8b465ee728b)
Start importing Assets/Scripts/Shredder.cs using Guid(67a3c68ebd2e0df418aa3151b2cc9b2d) Importer(815301076,1909f56bfc062723c751e8b465ee728b)  -> (artifact id: 'bab82bcd366e77860df6e25628f55187') in 0.001948 seconds
  Import took 0.004754 seconds .

========================================================================
Received Prepare
Registering precompiled user dll's ...
Registered in 0.000740 seconds.
Begin MonoManager ReloadAssembly
Native extension for WindowsStandalone target not found
Refreshing native plugins compatible for Editor in 0.42 ms, found 1 plugins.
Preloading 0 native plugins for Editor in 0.00 ms.
Invoked RoslynAnalysisRunner static constructor.
RoslynAnalysisRunner will not be running.
RoslynAnalysisRunner has terminated.
Mono: successfully reloaded assembly
- Completed reload, in  0.704 seconds
Platform modules already initialized, skipping
Refreshing native plugins compatible for Editor in 0.38 ms, found 1 plugins.
Preloading 0 native plugins for Editor in 0.00 ms.
Unloading 1805 Unused Serialized files (Serialized files now loaded: 0)
System memory in use before: 88.4 MB.
System memory in use after: 88.3 MB.

Unloading 12 unused Assets to reduce memory usage. Loaded Objects now: 2350.
Total: 2.623800 ms (FindLiveObjects: 0.281600 ms CreateObjectMapping: 0.042500 ms MarkObjects: 2.180900 ms  DeleteObjects: 0.117100 ms)

========================================================================
Received Prepare
Registering precompiled user dll's ...
Registered in 0.000999 seconds.
Begin MonoManager ReloadAssembly
Native extension for WindowsStandalone target not found
Refreshing native plugins compatible for Editor in 0.38 ms, found 1 plugins.
Preloading 0 native plugins for Editor in 0.00 ms.
Invoked RoslynAnalysisRunner static constructor.
RoslynAnalysisRunner will not be running.
RoslynAnalysisRunner has terminated.
Mono: successfully reloaded assembly
- Completed reload, in  0.735 seconds
Platform modules already initialized, skipping
Refreshing native plugins compatible for Editor in 0.39 ms, found 1 plugins.
Preloading 0 native plugins for Editor in 0.00 ms.
Unloading 1805 Unused Serialized files (Serialized files now loaded: 0)
System memory in use before: 88.4 MB.
System memory in use after: 88.4 MB.

Unloading 12 unused Assets to reduce memory usage. Loaded Objects now: 2354.
Total: 2.071600 ms (FindLiveObjects: 0.233200 ms CreateObjectMapping: 0.053800 ms MarkObjects: 1.662000 ms  DeleteObjects: 0.121300 ms)

========================================================================
Received Import Request.
  Time since last request: 35.440740 seconds.
  path: Assets/Scripts/Shredder.cs
  artifactKey: Guid(67a3c68ebd2e0df418aa3151b2cc9b2d) Importer(815301076,1909f56bfc062723c751e8b465ee728b)
Start importing Assets/Scripts/Shredder.cs using Guid(67a3c68ebd2e0df418aa3151b2cc9b2d) Importer(815301076,1909f56bfc062723c751e8b465ee728b)  -> (artifact id: '399ba291b59e7f665e00e4788b014b7b') in 0.004956 seconds
  Import took 0.008205 seconds .

========================================================================
Received Import Request.
  Time since last request: 0.018387 seconds.
  path: Assets/Scripts/Shredder.cs
  artifactKey: Guid(67a3c68ebd2e0df418aa3151b2cc9b2d) Importer(815301076,1909f56bfc062723c751e8b465ee728b)
Start importing Assets/Scripts/Shredder.cs using Guid(67a3c68ebd2e0df418aa3151b2cc9b2d) Importer(815301076,1909f56bfc062723c751e8b465ee728b)  -> (artifact id: '399ba291b59e7f665e00e4788b014b7b') in 0.002306 seconds
  Import took 0.005515 seconds .

========================================================================
Received Prepare
Registering precompiled user dll's ...
Registered in 0.000722 seconds.
Begin MonoManager ReloadAssembly
Native extension for WindowsStandalone target not found
Refreshing native plugins compatible for Editor in 0.38 ms, found 1 plugins.
Preloading 0 native plugins for Editor in 0.00 ms.
Invoked RoslynAnalysisRunner static constructor.
RoslynAnalysisRunner will not be running.
RoslynAnalysisRunner has terminated.
Mono: successfully reloaded assembly
- Completed reload, in  0.698 seconds
Platform modules already initialized, skipping
Refreshing native plugins compatible for Editor in 0.37 ms, found 1 plugins.
Preloading 0 native plugins for Editor in 0.00 ms.
Unloading 1805 Unused Serialized files (Serialized files now loaded: 0)
System memory in use before: 88.4 MB.
System memory in use after: 88.4 MB.

Unloading 12 unused Assets to reduce memory usage. Loaded Objects now: 2358.
Total: 2.788100 ms (FindLiveObjects: 0.264400 ms CreateObjectMapping: 0.084100 ms MarkObjects: 2.284900 ms  DeleteObjects: 0.153200 ms)

========================================================================
Received Prepare
Registering precompiled user dll's ...
Registered in 0.000724 seconds.
Begin MonoManager ReloadAssembly
Native extension for WindowsStandalone target not found
Refreshing native plugins compatible for Editor in 0.38 ms, found 1 plugins.
Preloading 0 native plugins for Editor in 0.00 ms.
Invoked RoslynAnalysisRunner static constructor.
RoslynAnalysisRunner will not be running.
RoslynAnalysisRunner has terminated.
Mono: successfully reloaded assembly
- Completed reload, in  0.716 seconds
Platform modules already initialized, skipping
Refreshing native plugins compatible for Editor in 0.38 ms, found 1 plugins.
Preloading 0 native plugins for Editor in 0.00 ms.
Unloading 1805 Unused Serialized files (Serialized files now loaded: 0)
System memory in use before: 88.4 MB.
System memory in use after: 88.4 MB.

Unloading 12 unused Assets to reduce memory usage. Loaded Objects now: 2362.
Total: 2.104000 ms (FindLiveObjects: 0.277200 ms CreateObjectMapping: 0.042400 ms MarkObjects: 1.669500 ms  DeleteObjects: 0.113600 ms)

========================================================================
Received Import Request.
  Time since last request: 50.528265 seconds.
  path: Assets/Prefabs/Player.prefab
  artifactKey: Guid(c5703aa966c90824189eae605bdd2ce3) Importer(815301076,1909f56bfc062723c751e8b465ee728b)
Start importing Assets/Prefabs/Player.prefab using Guid(c5703aa966c90824189eae605bdd2ce3) Importer(815301076,1909f56bfc062723c751e8b465ee728b)  -> (artifact id: '033b7494594f04f59f95cf3c92b44758') in 0.055238 seconds
  Import took 0.059368 seconds .

========================================================================
Received Import Request.
  Time since last request: 4.882449 seconds.
  path: Assets/Prefabs/Laser.prefab
  artifactKey: Guid(6859afd13ab7b7342920832cfc9714f0) Importer(815301076,1909f56bfc062723c751e8b465ee728b)
Start importing Assets/Prefabs/Laser.prefab using Guid(6859afd13ab7b7342920832cfc9714f0) Importer(815301076,1909f56bfc062723c751e8b465ee728b)  -> (artifact id: '755464c878a049e06985cf09a6bf8ec3') in 0.011867 seconds
  Import took 0.015840 seconds .

========================================================================
Received Import Request.
  Time since last request: 0.006500 seconds.
  path: Assets/Prefabs/Laser.prefab
  artifactKey: Guid(6859afd13ab7b7342920832cfc9714f0) Importer(815301076,1909f56bfc062723c751e8b465ee728b)
Start importing Assets/Prefabs/Laser.prefab using Guid(6859afd13ab7b7342920832cfc9714f0) Importer(815301076,1909f56bfc062723c751e8b465ee728b)  -> (artifact id: '755464c878a049e06985cf09a6bf8ec3') in 0.011161 seconds
  Import took 0.015557 seconds .

========================================================================
Received Prepare
Registering precompiled user dll's ...
Registered in 0.000831 seconds.
Begin MonoManager ReloadAssembly
Native extension for WindowsStandalone target not found
Refreshing native plugins compatible for Editor in 0.37 ms, found 1 plugins.
Preloading 0 native plugins for Editor in 0.00 ms.
Invoked RoslynAnalysisRunner static constructor.
RoslynAnalysisRunner will not be running.
RoslynAnalysisRunner has terminated.
Mono: successfully reloaded assembly
- Completed reload, in  0.708 seconds
Platform modules already initialized, skipping
Refreshing native plugins compatible for Editor in 0.42 ms, found 1 plugins.
Preloading 0 native plugins for Editor in 0.00 ms.
Unloading 1805 Unused Serialized files (Serialized files now loaded: 0)
System memory in use before: 88.4 MB.
System memory in use after: 88.4 MB.

Unloading 12 unused Assets to reduce memory usage. Loaded Objects now: 2371.
Total: 2.295300 ms (FindLiveObjects: 0.270700 ms CreateObjectMapping: 0.086500 ms MarkObjects: 1.813900 ms  DeleteObjects: 0.122700 ms)

========================================================================
Received Prepare
Registering precompiled user dll's ...
Registered in 0.000710 seconds.
Begin MonoManager ReloadAssembly
Native extension for WindowsStandalone target not found
Refreshing native plugins compatible for Editor in 0.39 ms, found 1 plugins.
Preloading 0 native plugins for Editor in 0.00 ms.
Invoked RoslynAnalysisRunner static constructor.
RoslynAnalysisRunner will not be running.
RoslynAnalysisRunner has terminated.
Mono: successfully reloaded assembly
- Completed reload, in  0.721 seconds
Platform modules already initialized, skipping
Refreshing native plugins compatible for Editor in 0.45 ms, found 1 plugins.
Preloading 0 native plugins for Editor in 0.00 ms.
Unloading 1805 Unused Serialized files (Serialized files now loaded: 0)
System memory in use before: 88.5 MB.
System memory in use after: 88.4 MB.

Unloading 12 unused Assets to reduce memory usage. Loaded Objects now: 2375.
Total: 2.620000 ms (FindLiveObjects: 0.265000 ms CreateObjectMapping: 0.083900 ms MarkObjects: 2.150400 ms  DeleteObjects: 0.119300 ms)

========================================================================
Received Prepare
Registering precompiled user dll's ...
Registered in 0.000731 seconds.
Begin MonoManager ReloadAssembly
Native extension for WindowsStandalone target not found
Refreshing native plugins compatible for Editor in 0.38 ms, found 1 plugins.
Preloading 0 native plugins for Editor in 0.00 ms.
Invoked RoslynAnalysisRunner static constructor.
RoslynAnalysisRunner will not be running.
RoslynAnalysisRunner has terminated.
Mono: successfully reloaded assembly
- Completed reload, in  0.698 seconds
Platform modules already initialized, skipping
Refreshing native plugins compatible for Editor in 0.37 ms, found 1 plugins.
Preloading 0 native plugins for Editor in 0.00 ms.
Unloading 1805 Unused Serialized files (Serialized files now loaded: 0)
System memory in use before: 88.5 MB.
System memory in use after: 88.4 MB.

Unloading 12 unused Assets to reduce memory usage. Loaded Objects now: 2379.
Total: 2.270800 ms (FindLiveObjects: 0.264200 ms CreateObjectMapping: 0.084400 ms MarkObjects: 1.774100 ms  DeleteObjects: 0.146300 ms)

========================================================================
Received Prepare
Registering precompiled user dll's ...
Registered in 0.000708 seconds.
Begin MonoManager ReloadAssembly
Native extension for WindowsStandalone target not found
Refreshing native plugins compatible for Editor in 0.38 ms, found 1 plugins.
Preloading 0 native plugins for Editor in 0.00 ms.
Invoked RoslynAnalysisRunner static constructor.
RoslynAnalysisRunner will not be running.
RoslynAnalysisRunner has terminated.
Mono: successfully reloaded assembly
- Completed reload, in  0.706 seconds
Platform modules already initialized, skipping
Refreshing native plugins compatible for Editor in 0.37 ms, found 1 plugins.
Preloading 0 native plugins for Editor in 0.00 ms.
Unloading 1805 Unused Serialized files (Serialized files now loaded: 0)
System memory in use before: 88.5 MB.
System memory in use after: 88.4 MB.

Unloading 12 unused Assets to reduce memory usage. Loaded Objects now: 2383.
Total: 2.182900 ms (FindLiveObjects: 0.248200 ms CreateObjectMapping: 0.049900 ms MarkObjects: 1.761100 ms  DeleteObjects: 0.122500 ms)

========================================================================
Received Prepare
Registering precompiled user dll's ...
Registered in 0.000752 seconds.
Begin MonoManager ReloadAssembly
Native extension for WindowsStandalone target not found
Refreshing native plugins compatible for Editor in 0.38 ms, found 1 plugins.
Preloading 0 native plugins for Editor in 0.00 ms.
Invoked RoslynAnalysisRunner static constructor.
RoslynAnalysisRunner will not be running.
RoslynAnalysisRunner has terminated.
Mono: successfully reloaded assembly
- Completed reload, in  0.711 seconds
Platform modules already initialized, skipping
Refreshing native plugins compatible for Editor in 0.40 ms, found 1 plugins.
Preloading 0 native plugins for Editor in 0.00 ms.
Unloading 1805 Unused Serialized files (Serialized files now loaded: 0)
System memory in use before: 88.5 MB.
System memory in use after: 88.4 MB.

Unloading 12 unused Assets to reduce memory usage. Loaded Objects now: 2387.
Total: 2.853700 ms (FindLiveObjects: 0.319600 ms CreateObjectMapping: 0.111000 ms MarkObjects: 2.304000 ms  DeleteObjects: 0.117500 ms)

========================================================================
Received Prepare
Registering precompiled user dll's ...
Registered in 0.000791 seconds.
Begin MonoManager ReloadAssembly
Native extension for WindowsStandalone target not found
Refreshing native plugins compatible for Editor in 0.39 ms, found 1 plugins.
Preloading 0 native plugins for Editor in 0.00 ms.
Invoked RoslynAnalysisRunner static constructor.
RoslynAnalysisRunner will not be running.
RoslynAnalysisRunner has terminated.
Mono: successfully reloaded assembly
- Completed reload, in  0.721 seconds
Platform modules already initialized, skipping
Refreshing native plugins compatible for Editor in 0.37 ms, found 1 plugins.
Preloading 0 native plugins for Editor in 0.00 ms.
Unloading 1805 Unused Serialized files (Serialized files now loaded: 0)
System memory in use before: 88.5 MB.
System memory in use after: 88.5 MB.

Unloading 12 unused Assets to reduce memory usage. Loaded Objects now: 2391.
Total: 2.616100 ms (FindLiveObjects: 0.285600 ms CreateObjectMapping: 0.046200 ms MarkObjects: 2.159600 ms  DeleteObjects: 0.122800 ms)

========================================================================
Received Prepare
Registering precompiled user dll's ...
Registered in 0.000716 seconds.
Begin MonoManager ReloadAssembly
Native extension for WindowsStandalone target not found
Refreshing native plugins compatible for Editor in 0.38 ms, found 1 plugins.
Preloading 0 native plugins for Editor in 0.00 ms.
Invoked RoslynAnalysisRunner static constructor.
RoslynAnalysisRunner will not be running.
RoslynAnalysisRunner has terminated.
Mono: successfully reloaded assembly
- Completed reload, in  0.722 seconds
Platform modules already initialized, skipping
Refreshing native plugins compatible for Editor in 0.37 ms, found 1 plugins.
Preloading 0 native plugins for Editor in 0.00 ms.
Unloading 1805 Unused Serialized files (Serialized files now loaded: 0)
System memory in use before: 88.5 MB.
System memory in use after: 88.5 MB.

Unloading 12 unused Assets to reduce memory usage. Loaded Objects now: 2395.
Total: 2.489900 ms (FindLiveObjects: 0.282100 ms CreateObjectMapping: 0.087300 ms MarkObjects: 2.003600 ms  DeleteObjects: 0.115300 ms)

========================================================================
Received Prepare
Registering precompiled user dll's ...
Registered in 0.000719 seconds.
Begin MonoManager ReloadAssembly
Native extension for WindowsStandalone target not found
Refreshing native plugins compatible for Editor in 0.40 ms, found 1 plugins.
Preloading 0 native plugins for Editor in 0.00 ms.
Invoked RoslynAnalysisRunner static constructor.
RoslynAnalysisRunner will not be running.
RoslynAnalysisRunner has terminated.
Mono: successfully reloaded assembly
- Completed reload, in  0.729 seconds
Platform modules already initialized, skipping
Refreshing native plugins compatible for Editor in 0.41 ms, found 1 plugins.
Preloading 0 native plugins for Editor in 0.00 ms.
Unloading 1805 Unused Serialized files (Serialized files now loaded: 0)
System memory in use before: 88.5 MB.
System memory in use after: 88.5 MB.

Unloading 12 unused Assets to reduce memory usage. Loaded Objects now: 2399.
Total: 2.231800 ms (FindLiveObjects: 0.271900 ms CreateObjectMapping: 0.084700 ms MarkObjects: 1.754100 ms  DeleteObjects: 0.119800 ms)

========================================================================
Received Prepare
Registering precompiled user dll's ...
Registered in 0.000791 seconds.
Begin MonoManager ReloadAssembly
Native extension for WindowsStandalone target not found
Refreshing native plugins compatible for Editor in 0.37 ms, found 1 plugins.
Preloading 0 native plugins for Editor in 0.00 ms.
Invoked RoslynAnalysisRunner static constructor.
RoslynAnalysisRunner will not be running.
RoslynAnalysisRunner has terminated.
Mono: successfully reloaded assembly
- Completed reload, in  0.711 seconds
Platform modules already initialized, skipping
Refreshing native plugins compatible for Editor in 0.39 ms, found 1 plugins.
Preloading 0 native plugins for Editor in 0.00 ms.
Unloading 1805 Unused Serialized files (Serialized files now loaded: 0)
System memory in use before: 88.5 MB.
System memory in use after: 88.5 MB.

Unloading 12 unused Assets to reduce memory usage. Loaded Objects now: 2403.
Total: 2.215500 ms (FindLiveObjects: 0.332500 ms CreateObjectMapping: 0.080600 ms MarkObjects: 1.684200 ms  DeleteObjects: 0.116300 ms)

========================================================================
Received Prepare
Registering precompiled user dll's ...
Registered in 0.000724 seconds.
Begin MonoManager ReloadAssembly
Native extension for WindowsStandalone target not found
Refreshing native plugins compatible for Editor in 0.38 ms, found 1 plugins.
Preloading 0 native plugins for Editor in 0.00 ms.
Invoked RoslynAnalysisRunner static constructor.
RoslynAnalysisRunner will not be running.
RoslynAnalysisRunner has terminated.
Mono: successfully reloaded assembly
- Completed reload, in  0.704 seconds
Platform modules already initialized, skipping
Refreshing native plugins compatible for Editor in 0.48 ms, found 1 plugins.
Preloading 0 native plugins for Editor in 0.00 ms.
Unloading 1805 Unused Serialized files (Serialized files now loaded: 0)
System memory in use before: 88.5 MB.
System memory in use after: 88.5 MB.

Unloading 12 unused Assets to reduce memory usage. Loaded Objects now: 2407.
Total: 2.114900 ms (FindLiveObjects: 0.269200 ms CreateObjectMapping: 0.084000 ms MarkObjects: 1.636000 ms  DeleteObjects: 0.124400 ms)

========================================================================
Received Prepare
Registering precompiled user dll's ...
Registered in 0.000725 seconds.
Begin MonoManager ReloadAssembly
Native extension for WindowsStandalone target not found
Refreshing native plugins compatible for Editor in 0.38 ms, found 1 plugins.
Preloading 0 native plugins for Editor in 0.00 ms.
Invoked RoslynAnalysisRunner static constructor.
RoslynAnalysisRunner will not be running.
RoslynAnalysisRunner has terminated.
Mono: successfully reloaded assembly
- Completed reload, in  0.717 seconds
Platform modules already initialized, skipping
Refreshing native plugins compatible for Editor in 0.38 ms, found 1 plugins.
Preloading 0 native plugins for Editor in 0.00 ms.
Unloading 1805 Unused Serialized files (Serialized files now loaded: 0)
System memory in use before: 88.5 MB.
System memory in use after: 88.5 MB.

Unloading 12 unused Assets to reduce memory usage. Loaded Objects now: 2411.
Total: 1.981500 ms (FindLiveObjects: 0.215100 ms CreateObjectMapping: 0.043300 ms MarkObjects: 1.605000 ms  DeleteObjects: 0.117100 ms)

========================================================================
Received Prepare
Registering precompiled user dll's ...
Registered in 0.000839 seconds.
Begin MonoManager ReloadAssembly
Native extension for WindowsStandalone target not found
Refreshing native plugins compatible for Editor in 0.38 ms, found 1 plugins.
Preloading 0 native plugins for Editor in 0.00 ms.
Invoked RoslynAnalysisRunner static constructor.
RoslynAnalysisRunner will not be running.
RoslynAnalysisRunner has terminated.
Mono: successfully reloaded assembly
- Completed reload, in  0.715 seconds
Platform modules already initialized, skipping
Refreshing native plugins compatible for Editor in 0.47 ms, found 1 plugins.
Preloading 0 native plugins for Editor in 0.00 ms.
Unloading 1805 Unused Serialized files (Serialized files now loaded: 0)
System memory in use before: 88.5 MB.
System memory in use after: 88.5 MB.

Unloading 12 unused Assets to reduce memory usage. Loaded Objects now: 2415.
Total: 2.302200 ms (FindLiveObjects: 0.373100 ms CreateObjectMapping: 0.117300 ms MarkObjects: 1.689800 ms  DeleteObjects: 0.119900 ms)

========================================================================
Received Prepare
Registering precompiled user dll's ...
Registered in 0.000727 seconds.
Begin MonoManager ReloadAssembly
Native extension for WindowsStandalone target not found
Refreshing native plugins compatible for Editor in 0.39 ms, found 1 plugins.
Preloading 0 native plugins for Editor in 0.00 ms.
Invoked RoslynAnalysisRunner static constructor.
RoslynAnalysisRunner will not be running.
RoslynAnalysisRunner has terminated.
Mono: successfully reloaded assembly
- Completed reload, in  0.713 seconds
Platform modules already initialized, skipping
Refreshing native plugins compatible for Editor in 0.37 ms, found 1 plugins.
Preloading 0 native plugins for Editor in 0.00 ms.
Unloading 1805 Unused Serialized files (Serialized files now loaded: 0)
System memory in use before: 88.5 MB.
System memory in use after: 88.5 MB.

Unloading 12 unused Assets to reduce memory usage. Loaded Objects now: 2419.
Total: 2.989400 ms (FindLiveObjects: 0.285800 ms CreateObjectMapping: 0.085800 ms MarkObjects: 2.497000 ms  DeleteObjects: 0.119300 ms)

========================================================================
Received Import Request.
  Time since last request: 383.143143 seconds.
  path: Assets/Scripts/Shredder.cs
  artifactKey: Guid(67a3c68ebd2e0df418aa3151b2cc9b2d) Importer(815301076,1909f56bfc062723c751e8b465ee728b)
Start importing Assets/Scripts/Shredder.cs using Guid(67a3c68ebd2e0df418aa3151b2cc9b2d) Importer(815301076,1909f56bfc062723c751e8b465ee728b)  -> (artifact id: '75159d1d4a3df00da0804a6c3bd2ba60') in 0.004453 seconds
  Import took 0.007476 seconds .

========================================================================
Received Prepare
Registering precompiled user dll's ...
Registered in 0.000736 seconds.
Begin MonoManager ReloadAssembly
Native extension for WindowsStandalone target not found
Refreshing native plugins compatible for Editor in 0.39 ms, found 1 plugins.
Preloading 0 native plugins for Editor in 0.00 ms.
Invoked RoslynAnalysisRunner static constructor.
RoslynAnalysisRunner will not be running.
RoslynAnalysisRunner has terminated.
Mono: successfully reloaded assembly
- Completed reload, in  0.703 seconds
Platform modules already initialized, skipping
Refreshing native plugins compatible for Editor in 0.38 ms, found 1 plugins.
Preloading 0 native plugins for Editor in 0.00 ms.
Unloading 1805 Unused Serialized files (Serialized files now loaded: 0)
System memory in use before: 88.5 MB.
System memory in use after: 88.5 MB.

Unloading 12 unused Assets to reduce memory usage. Loaded Objects now: 2423.
Total: 2.496600 ms (FindLiveObjects: 0.302200 ms CreateObjectMapping: 0.075300 ms MarkObjects: 1.953200 ms  DeleteObjects: 0.164600 ms)

========================================================================
Received Import Request.
  Time since last request: 66.557990 seconds.
  path: Assets/Prefabs/Laser.prefab
  artifactKey: Guid(6859afd13ab7b7342920832cfc9714f0) Importer(815301076,1909f56bfc062723c751e8b465ee728b)
Start importing Assets/Prefabs/Laser.prefab using Guid(6859afd13ab7b7342920832cfc9714f0) Importer(815301076,1909f56bfc062723c751e8b465ee728b)  -> (artifact id: 'f19f79506e58066196d93d0df1907766') in 0.048199 seconds
  Import took 0.051143 seconds .

========================================================================
Received Prepare
Registering precompiled user dll's ...
Registered in 0.000730 seconds.
Begin MonoManager ReloadAssembly
Native extension for WindowsStandalone target not found
Refreshing native plugins compatible for Editor in 0.38 ms, found 1 plugins.
Preloading 0 native plugins for Editor in 0.00 ms.
Invoked RoslynAnalysisRunner static constructor.
RoslynAnalysisRunner will not be running.
RoslynAnalysisRunner has terminated.
Mono: successfully reloaded assembly
- Completed reload, in  0.706 seconds
Platform modules already initialized, skipping
Refreshing native plugins compatible for Editor in 0.37 ms, found 1 plugins.
Preloading 0 native plugins for Editor in 0.00 ms.
Unloading 1805 Unused Serialized files (Serialized files now loaded: 0)
System memory in use before: 88.6 MB.
System memory in use after: 88.5 MB.

Unloading 12 unused Assets to reduce memory usage. Loaded Objects now: 2428.
Total: 2.625500 ms (FindLiveObjects: 0.342500 ms CreateObjectMapping: 0.121700 ms MarkObjects: 2.041700 ms  DeleteObjects: 0.118200 ms)

========================================================================
Received Prepare
Registering precompiled user dll's ...
Registered in 0.000737 seconds.
Begin MonoManager ReloadAssembly
Native extension for WindowsStandalone target not found
Refreshing native plugins compatible for Editor in 0.38 ms, found 1 plugins.
Preloading 0 native plugins for Editor in 0.00 ms.
Invoked RoslynAnalysisRunner static constructor.
RoslynAnalysisRunner will not be running.
RoslynAnalysisRunner has terminated.
Mono: successfully reloaded assembly
- Completed reload, in  0.701 seconds
Platform modules already initialized, skipping
Refreshing native plugins compatible for Editor in 0.39 ms, found 1 plugins.
Preloading 0 native plugins for Editor in 0.00 ms.
Unloading 1805 Unused Serialized files (Serialized files now loaded: 0)
System memory in use before: 88.6 MB.
System memory in use after: 88.5 MB.

Unloading 12 unused Assets to reduce memory usage. Loaded Objects now: 2432.
Total: 2.464500 ms (FindLiveObjects: 0.281600 ms CreateObjectMapping: 0.094300 ms MarkObjects: 1.967000 ms  DeleteObjects: 0.120300 ms)

========================================================================
Received Prepare
Registering precompiled user dll's ...
Registered in 0.000713 seconds.
Begin MonoManager ReloadAssembly
Native extension for WindowsStandalone target not found
Refreshing native plugins compatible for Editor in 0.38 ms, found 1 plugins.
Preloading 0 native plugins for Editor in 0.00 ms.
Invoked RoslynAnalysisRunner static constructor.
RoslynAnalysisRunner will not be running.
RoslynAnalysisRunner has terminated.
Mono: successfully reloaded assembly
- Completed reload, in  0.717 seconds
Platform modules already initialized, skipping
Refreshing native plugins compatible for Editor in 0.37 ms, found 1 plugins.
Preloading 0 native plugins for Editor in 0.00 ms.
Unloading 1805 Unused Serialized files (Serialized files now loaded: 0)
System memory in use before: 88.6 MB.
System memory in use after: 88.6 MB.

Unloading 12 unused Assets to reduce memory usage. Loaded Objects now: 2436.
Total: 2.383000 ms (FindLiveObjects: 0.225100 ms CreateObjectMapping: 0.084800 ms MarkObjects: 1.949300 ms  DeleteObjects: 0.122500 ms)

========================================================================
Received Prepare
Registering precompiled user dll's ...
Registered in 0.000703 seconds.
Begin MonoManager ReloadAssembly
Native extension for WindowsStandalone target not found
Refreshing native plugins compatible for Editor in 0.44 ms, found 1 plugins.
Preloading 0 native plugins for Editor in 0.00 ms.
Invoked RoslynAnalysisRunner static constructor.
RoslynAnalysisRunner will not be running.
RoslynAnalysisRunner has terminated.
Mono: successfully reloaded assembly
- Completed reload, in  0.845 seconds
Platform modules already initialized, skipping
Refreshing native plugins compatible for Editor in 0.52 ms, found 1 plugins.
Preloading 0 native plugins for Editor in 0.00 ms.
Unloading 1805 Unused Serialized files (Serialized files now loaded: 0)
System memory in use before: 88.6 MB.
System memory in use after: 88.6 MB.

Unloading 12 unused Assets to reduce memory usage. Loaded Objects now: 2440.
Total: 2.215900 ms (FindLiveObjects: 0.293100 ms CreateObjectMapping: 0.058600 ms MarkObjects: 1.744000 ms  DeleteObjects: 0.118500 ms)

========================================================================
Received Import Request.
  Time since last request: 161.140361 seconds.
  path: Assets/Scripts/Shredder.cs
  artifactKey: Guid(67a3c68ebd2e0df418aa3151b2cc9b2d) Importer(815301076,1909f56bfc062723c751e8b465ee728b)
Start importing Assets/Scripts/Shredder.cs using Guid(67a3c68ebd2e0df418aa3151b2cc9b2d) Importer(815301076,1909f56bfc062723c751e8b465ee728b)  -> (artifact id: 'e4f749368baeabe8c9479987d9792c7f') in 0.004210 seconds
  Import took 0.007584 seconds .

========================================================================
Received Import Request.
  Time since last request: 0.013627 seconds.
  path: Assets/Scripts/Shredder.cs
  artifactKey: Guid(67a3c68ebd2e0df418aa3151b2cc9b2d) Importer(815301076,1909f56bfc062723c751e8b465ee728b)
Start importing Assets/Scripts/Shredder.cs using Guid(67a3c68ebd2e0df418aa3151b2cc9b2d) Importer(815301076,1909f56bfc062723c751e8b465ee728b)  -> (artifact id: 'e4f749368baeabe8c9479987d9792c7f') in 0.001988 seconds
  Import took 0.004801 seconds .

========================================================================
Received Prepare
Registering precompiled user dll's ...
Registered in 0.000750 seconds.
Begin MonoManager ReloadAssembly
Native extension for WindowsStandalone target not found
Refreshing native plugins compatible for Editor in 0.39 ms, found 1 plugins.
Preloading 0 native plugins for Editor in 0.00 ms.
Invoked RoslynAnalysisRunner static constructor.
RoslynAnalysisRunner will not be running.
RoslynAnalysisRunner has terminated.
Mono: successfully reloaded assembly
- Completed reload, in  0.712 seconds
Platform modules already initialized, skipping
Refreshing native plugins compatible for Editor in 0.38 ms, found 1 plugins.
Preloading 0 native plugins for Editor in 0.00 ms.
Unloading 1805 Unused Serialized files (Serialized files now loaded: 0)
System memory in use before: 88.6 MB.
System memory in use after: 88.6 MB.

Unloading 12 unused Assets to reduce memory usage. Loaded Objects now: 2444.
Total: 2.276700 ms (FindLiveObjects: 0.286200 ms CreateObjectMapping: 0.085800 ms MarkObjects: 1.782100 ms  DeleteObjects: 0.120800 ms)

========================================================================
Received Prepare
Registering precompiled user dll's ...
Registered in 0.000733 seconds.
Begin MonoManager ReloadAssembly
Native extension for WindowsStandalone target not found
Refreshing native plugins compatible for Editor in 0.38 ms, found 1 plugins.
Preloading 0 native plugins for Editor in 0.00 ms.
Invoked RoslynAnalysisRunner static constructor.
RoslynAnalysisRunner will not be running.
RoslynAnalysisRunner has terminated.
Mono: successfully reloaded assembly
- Completed reload, in  0.715 seconds
Platform modules already initialized, skipping
Refreshing native plugins compatible for Editor in 0.40 ms, found 1 plugins.
Preloading 0 native plugins for Editor in 0.00 ms.
Unloading 1805 Unused Serialized files (Serialized files now loaded: 0)
System memory in use before: 88.6 MB.
System memory in use after: 88.6 MB.

Unloading 12 unused Assets to reduce memory usage. Loaded Objects now: 2448.
Total: 2.694100 ms (FindLiveObjects: 0.358100 ms CreateObjectMapping: 0.119200 ms MarkObjects: 2.093200 ms  DeleteObjects: 0.122100 ms)

AssetImportWorkerClient::OnTransportError - code=2 error=End of file
